Unknown:
D:\Desktop\electromagnetic field and wave\CST1\CST1\Result\farfield (f=10.3)1D_1(1).ffp
D:\Desktop\electromagnetic field and wave\CST1\CST1\Result\farfield (f=10.3)2D_1(1).ffp
D:\Desktop\electromagnetic field and wave\CST1\CST1\Result\farfield (f=10.3)_1,1.fme
D:\Desktop\electromagnetic field and wave\CST1\CST1\Result\MCalc-Facets-1xN.log
D:\Desktop\electromagnetic field and wave\CST1\CST1\Result\MCalc-Facets-PP.log
D:\Desktop\electromagnetic field and wave\CST1\CST1\Result\MCalc.ddi
D:\Desktop\electromagnetic field and wave\CST1\CST1\Result\MCalc.log
D:\Desktop\electromagnetic field and wave\CST1\CST1\Result\MCalc^Diagnostics.log
D:\Desktop\electromagnetic field and wave\CST1\CST1\Result\Model.axg
D:\Desktop\electromagnetic field and wave\CST1\CST1\Result\Model.coco
D:\Desktop\electromagnetic field and wave\CST1\CST1\Result\Model.ddi
D:\Desktop\electromagnetic field and wave\CST1\CST1\Result\Model.elg
D:\Desktop\electromagnetic field and wave\CST1\CST1\Result\Model.inf
D:\Desktop\electromagnetic field and wave\CST1\CST1\Result\Model.log
D:\Desktop\electromagnetic field and wave\CST1\CST1\Result\Model.sa
D:\Desktop\electromagnetic field and wave\CST1\CST1\Result\m^fifx.dsc
D:\Desktop\electromagnetic field and wave\CST1\CST1\Result\m^fqq.dsc
D:\Desktop\electromagnetic field and wave\CST1\CST1\Result\m^ppex.dsc
D:\Desktop\electromagnetic field and wave\CST1\CST1\Result\m^wgp.dsc
D:\Desktop\electromagnetic field and wave\CST1\CST1\Result\Port1_e1[10.3]_prt.sct
D:\Desktop\electromagnetic field and wave\CST1\CST1\Result\Port1_e1[10.3]_res.axg
D:\Desktop\electromagnetic field and wave\CST1\CST1\Result\Port1_e1_pmm_10.3.tfo
D:\Desktop\electromagnetic field and wave\CST1\CST1\Result\Port1_e2_pmm_10.3.tfo
D:\Desktop\electromagnetic field and wave\CST1\CST1\Result\Port1_e3_pmm_10.3.tfo
D:\Desktop\electromagnetic field and wave\CST1\CST1\Result\Port1_e4_pmm_10.3.tfo
D:\Desktop\electromagnetic field and wave\CST1\CST1\Result\Port1_e5_pmm_10.3.tfo
D:\Desktop\electromagnetic field and wave\CST1\CST1\Result\Port1_h1_pmm_10.3.tfo
D:\Desktop\electromagnetic field and wave\CST1\CST1\Result\Port1_h2_pmm_10.3.tfo
D:\Desktop\electromagnetic field and wave\CST1\CST1\Result\Port1_h3_pmm_10.3.tfo
D:\Desktop\electromagnetic field and wave\CST1\CST1\Result\Port1_h4_pmm_10.3.tfo
D:\Desktop\electromagnetic field and wave\CST1\CST1\Result\Port1_h5_pmm_10.3.tfo
D:\Desktop\electromagnetic field and wave\CST1\CST1\Result\Port^Mesh^1_1.slm
D:\Desktop\electromagnetic field and wave\CST1\CST1\Result\p^a.dsc
D:\Desktop\electromagnetic field and wave\CST1\CST1\Result\P^m^fbqq.slog
D:\Desktop\electromagnetic field and wave\CST1\CST1\Result\P^m^fqq.slog
D:\Desktop\electromagnetic field and wave\CST1\CST1\Result\P^p^m.slog
D:\Desktop\electromagnetic field and wave\CST1\CST1\Result\P^s^pm.slog
Mesh:
D:\Desktop\electromagnetic field and wave\CST1\CST1\Result\dA.mat
D:\Desktop\electromagnetic field and wave\CST1\CST1\Result\dad.mat
D:\Desktop\electromagnetic field and wave\CST1\CST1\Result\ds.mat
D:\Desktop\electromagnetic field and wave\CST1\CST1\Result\dsd.mat
D:\Desktop\electromagnetic field and wave\CST1\CST1\Result\dsMCalc.mat
D:\Desktop\electromagnetic field and wave\CST1\CST1\Result\Eps.mat
D:\Desktop\electromagnetic field and wave\CST1\CST1\Result\HexMatrix.m2h
D:\Desktop\electromagnetic field and wave\CST1\CST1\Result\HexMatrix_MCalc.m2h
D:\Desktop\electromagnetic field and wave\CST1\CST1\Result\MCalc.fmp
D:\Desktop\electromagnetic field and wave\CST1\CST1\Result\MCalc.xcfd
D:\Desktop\electromagnetic field and wave\CST1\CST1\Result\Meta.m2h
D:\Desktop\electromagnetic field and wave\CST1\CST1\Result\Meta.mat
D:\Desktop\electromagnetic field and wave\CST1\CST1\Result\Model.fmf
D:\Desktop\electromagnetic field and wave\CST1\CST1\Result\Model.fmm
D:\Desktop\electromagnetic field and wave\CST1\CST1\Result\Model.fpc
D:\Desktop\electromagnetic field and wave\CST1\CST1\Result\Model.fsi
D:\Desktop\electromagnetic field and wave\CST1\CST1\Result\Model.fwf
D:\Desktop\electromagnetic field and wave\CST1\CST1\Result\Model.mss
D:\Desktop\electromagnetic field and wave\CST1\CST1\Result\Model.spi
D:\Desktop\electromagnetic field and wave\CST1\CST1\Result\Model.xcfd
D:\Desktop\electromagnetic field and wave\CST1\CST1\Result\Model^PEC.fpf
D:\Desktop\electromagnetic field and wave\CST1\CST1\Result\Mue.mat
D:\Desktop\electromagnetic field and wave\CST1\CST1\Result\m^fqq.mem
D:\Desktop\electromagnetic field and wave\CST1\CST1\Result\p1.spi
D:\Desktop\electromagnetic field and wave\CST1\CST1\Result\PEC.mat
D:\Desktop\electromagnetic field and wave\CST1\CST1\Result\Port1.wgi
D:\Desktop\electromagnetic field and wave\CST1\CST1\Result\PP.fsi
D:\Desktop\electromagnetic field and wave\CST1\CST1\Result\p^a.mem
D:\Desktop\electromagnetic field and wave\CST1\CST1\Result\p^m.mem
D:\Desktop\electromagnetic field and wave\CST1\CST1\Result\S2HMatrix.m2h
D:\Desktop\electromagnetic field and wave\CST1\CST1\Result\s^pm.mem
Port:
D:\Desktop\electromagnetic field and wave\CST1\CST1\Result\adapt_Port1_e1.prt
D:\Desktop\electromagnetic field and wave\CST1\CST1\Result\adapt_Port1_e1[10.3].prt
D:\Desktop\electromagnetic field and wave\CST1\CST1\Result\adapt_Port1_e2.prt
D:\Desktop\electromagnetic field and wave\CST1\CST1\Result\adapt_Port1_e2[10.3].prt
D:\Desktop\electromagnetic field and wave\CST1\CST1\Result\adapt_Port1_e3.prt
D:\Desktop\electromagnetic field and wave\CST1\CST1\Result\adapt_Port1_e3[10.3].prt
D:\Desktop\electromagnetic field and wave\CST1\CST1\Result\adapt_Port1_e4.prt
D:\Desktop\electromagnetic field and wave\CST1\CST1\Result\adapt_Port1_e4[10.3].prt
D:\Desktop\electromagnetic field and wave\CST1\CST1\Result\adapt_Port1_e5.prt
D:\Desktop\electromagnetic field and wave\CST1\CST1\Result\adapt_Port1_e5[10.3].prt
D:\Desktop\electromagnetic field and wave\CST1\CST1\Result\adapt_Port1_h1.prt
D:\Desktop\electromagnetic field and wave\CST1\CST1\Result\adapt_Port1_h1[10.3].prt
D:\Desktop\electromagnetic field and wave\CST1\CST1\Result\adapt_Port1_h2.prt
D:\Desktop\electromagnetic field and wave\CST1\CST1\Result\adapt_Port1_h2[10.3].prt
D:\Desktop\electromagnetic field and wave\CST1\CST1\Result\adapt_Port1_h3.prt
D:\Desktop\electromagnetic field and wave\CST1\CST1\Result\adapt_Port1_h3[10.3].prt
D:\Desktop\electromagnetic field and wave\CST1\CST1\Result\adapt_Port1_h4.prt
D:\Desktop\electromagnetic field and wave\CST1\CST1\Result\adapt_Port1_h4[10.3].prt
D:\Desktop\electromagnetic field and wave\CST1\CST1\Result\adapt_Port1_h5.prt
D:\Desktop\electromagnetic field and wave\CST1\CST1\Result\adapt_Port1_h5[10.3].prt
D:\Desktop\electromagnetic field and wave\CST1\CST1\Result\Model.pmi
D:\Desktop\electromagnetic field and wave\CST1\CST1\Result\Port1_1[10.3].m2d
D:\Desktop\electromagnetic field and wave\CST1\CST1\Result\Port1_2[10.3].m2d
D:\Desktop\electromagnetic field and wave\CST1\CST1\Result\Port1_3[10.3].m2d
D:\Desktop\electromagnetic field and wave\CST1\CST1\Result\Port1_4[10.3].m2d
D:\Desktop\electromagnetic field and wave\CST1\CST1\Result\Port1_5[10.3].m2d
D:\Desktop\electromagnetic field and wave\CST1\CST1\Result\Port1_drv.m2d
D:\Desktop\electromagnetic field and wave\CST1\CST1\Result\Port1_e1.prt
D:\Desktop\electromagnetic field and wave\CST1\CST1\Result\Port1_e1[10.3].prt
D:\Desktop\electromagnetic field and wave\CST1\CST1\Result\Port1_e2.prt
D:\Desktop\electromagnetic field and wave\CST1\CST1\Result\Port1_e2[10.3].prt
D:\Desktop\electromagnetic field and wave\CST1\CST1\Result\Port1_e3.prt
D:\Desktop\electromagnetic field and wave\CST1\CST1\Result\Port1_e3[10.3].prt
D:\Desktop\electromagnetic field and wave\CST1\CST1\Result\Port1_e4.prt
D:\Desktop\electromagnetic field and wave\CST1\CST1\Result\Port1_e4[10.3].prt
D:\Desktop\electromagnetic field and wave\CST1\CST1\Result\Port1_e5.prt
D:\Desktop\electromagnetic field and wave\CST1\CST1\Result\Port1_e5[10.3].prt
D:\Desktop\electromagnetic field and wave\CST1\CST1\Result\Port1_h1.prt
D:\Desktop\electromagnetic field and wave\CST1\CST1\Result\Port1_h1[10.3].prt
D:\Desktop\electromagnetic field and wave\CST1\CST1\Result\Port1_h2.prt
D:\Desktop\electromagnetic field and wave\CST1\CST1\Result\Port1_h2[10.3].prt
D:\Desktop\electromagnetic field and wave\CST1\CST1\Result\Port1_h3.prt
D:\Desktop\electromagnetic field and wave\CST1\CST1\Result\Port1_h3[10.3].prt
D:\Desktop\electromagnetic field and wave\CST1\CST1\Result\Port1_h4.prt
D:\Desktop\electromagnetic field and wave\CST1\CST1\Result\Port1_h4[10.3].prt
D:\Desktop\electromagnetic field and wave\CST1\CST1\Result\Port1_h5.prt
D:\Desktop\electromagnetic field and wave\CST1\CST1\Result\Port1_h5[10.3].prt
