Port monitor named: Port1_e4.prt

nx        = 24
ny        = 16
nz        = 4

nu        = 22
nv        = 14
iu        = 2
iv        = 2

idir      = 2
dcut      = -1.455000e-002
icut      = 2
type      = 0
frequency = 1.030000e+010

fcutoff   = 1.776592e+010
alpha     = 3.031353e+002
beta      = 0.000000e+000
accuracy  = 5.431609e-009

type          = TE
wave imp.     = 2.682813e+002
wave imp.sig. = 1.356685e-005
line imp.     = 0.000000e+000

ref. port     = 0

-0.000000e+000  -0.000000e+000  -0.000000e+000  -0.000000e+000  -0.000000e+000  -0.000000e+000  -0.000000e+000  -0.000000e+000  -0.000000e+000  -0.000000e+000  -0.000000e+000  -0.000000e+000  -0.000000e+000  -0.000000e+000  -0.000000e+000  -0.000000e+000  -0.000000e+000  -0.000000e+000  -0.000000e+000  -0.000000e+000  -0.000000e+000  -0.000000e+000  
-0.000000e+000  -0.000000e+000  -0.000000e+000  -0.000000e+000  -0.000000e+000  -0.000000e+000  -0.000000e+000  -0.000000e+000  -0.000000e+000  -0.000000e+000  -0.000000e+000  -0.000000e+000  -0.000000e+000  -0.000000e+000  -0.000000e+000  -0.000000e+000  -0.000000e+000  -0.000000e+000  -0.000000e+000  -0.000000e+000  -0.000000e+000  -0.000000e+000  
-0.000000e+000  -0.000000e+000  -0.000000e+000  -0.000000e+000  -0.000000e+000  -0.000000e+000  -0.000000e+000  -0.000000e+000  -0.000000e+000  -0.000000e+000  -0.000000e+000  -0.000000e+000  -0.000000e+000  -0.000000e+000  -0.000000e+000  -0.000000e+000  -0.000000e+000  -0.000000e+000  -0.000000e+000  -0.000000e+000  -0.000000e+000  -0.000000e+000  
-0.000000e+000  -0.000000e+000  -5.738166e+002  -5.663092e+002  -5.513925e+002  -5.199848e+002  -4.539533e+002  -3.624146e+002  -2.523926e+002  -1.294986e+002  -2.670802e-008  1.294986e+002  2.523926e+002  3.624146e+002  4.539533e+002  5.199848e+002  5.513925e+002  5.663092e+002  5.738166e+002  -0.000000e+000  -0.000000e+000  -0.000000e+000  
-0.000000e+000  -0.000000e+000  -1.105370e+003  -1.090908e+003  -1.062173e+003  -1.001671e+003  -8.744713e+002  -6.981361e+002  -4.861957e+002  -2.494591e+002  5.970207e-008  2.494591e+002  4.861957e+002  6.981361e+002  8.744713e+002  1.001671e+003  1.062173e+003  1.090908e+003  1.105370e+003  -0.000000e+000  -0.000000e+000  -0.000000e+000  
-0.000000e+000  -0.000000e+000  -1.555508e+003  -1.535157e+003  -1.494721e+003  -1.409581e+003  -1.230581e+003  -9.824374e+002  -6.841887e+002  -3.510461e+002  5.874438e-008  3.510461e+002  6.841887e+002  9.824374e+002  1.230581e+003  1.409581e+003  1.494721e+003  1.535157e+003  1.555508e+003  -0.000000e+000  -0.000000e+000  -0.000000e+000  
-0.000000e+000  -0.000000e+000  -2.079659e+003  -2.052450e+003  -1.998388e+003  -1.884558e+003  -1.645243e+003  -1.313483e+003  -9.147356e+002  -4.693360e+002  -2.221573e-007  4.693360e+002  9.147356e+002  1.313483e+003  1.645243e+003  1.884558e+003  1.998388e+003  2.052450e+003  2.079659e+003  -0.000000e+000  -0.000000e+000  -0.000000e+000  
-0.000000e+000  -0.000000e+000  -2.079659e+003  -2.052450e+003  -1.998388e+003  -1.884558e+003  -1.645243e+003  -1.313483e+003  -9.147356e+002  -4.693360e+002  -1.959498e-007  4.693360e+002  9.147356e+002  1.313483e+003  1.645243e+003  1.884558e+003  1.998388e+003  2.052450e+003  2.079659e+003  -0.000000e+000  -0.000000e+000  -0.000000e+000  
-0.000000e+000  -0.000000e+000  -1.555508e+003  -1.535157e+003  -1.494721e+003  -1.409581e+003  -1.230581e+003  -9.824374e+002  -6.841887e+002  -3.510461e+002  -1.970647e-007  3.510461e+002  6.841887e+002  9.824374e+002  1.230581e+003  1.409581e+003  1.494721e+003  1.535157e+003  1.555508e+003  -0.000000e+000  -0.000000e+000  -0.000000e+000  
-0.000000e+000  -0.000000e+000  -1.105370e+003  -1.090908e+003  -1.062173e+003  -1.001671e+003  -8.744713e+002  -6.981361e+002  -4.861957e+002  -2.494591e+002  -2.015763e-007  2.494591e+002  4.861957e+002  6.981361e+002  8.744713e+002  1.001671e+003  1.062173e+003  1.090908e+003  1.105370e+003  -0.000000e+000  -0.000000e+000  -0.000000e+000  
-0.000000e+000  -0.000000e+000  -5.738166e+002  -5.663092e+002  -5.513925e+002  -5.199848e+002  -4.539533e+002  -3.624146e+002  -2.523926e+002  -1.294986e+002  -1.235454e-007  1.294986e+002  2.523926e+002  3.624146e+002  4.539533e+002  5.199848e+002  5.513925e+002  5.663092e+002  5.738166e+002  -0.000000e+000  -0.000000e+000  -0.000000e+000  
-0.000000e+000  -0.000000e+000  -0.000000e+000  -0.000000e+000  -0.000000e+000  -0.000000e+000  -0.000000e+000  -0.000000e+000  -0.000000e+000  -0.000000e+000  -0.000000e+000  -0.000000e+000  -0.000000e+000  -0.000000e+000  -0.000000e+000  -0.000000e+000  -0.000000e+000  -0.000000e+000  -0.000000e+000  -0.000000e+000  -0.000000e+000  -0.000000e+000  
-0.000000e+000  -0.000000e+000  -0.000000e+000  -0.000000e+000  -0.000000e+000  -0.000000e+000  -0.000000e+000  -0.000000e+000  -0.000000e+000  -0.000000e+000  -0.000000e+000  -0.000000e+000  -0.000000e+000  -0.000000e+000  -0.000000e+000  -0.000000e+000  -0.000000e+000  -0.000000e+000  -0.000000e+000  -0.000000e+000  -0.000000e+000  -0.000000e+000  
-0.000000e+000  -0.000000e+000  -0.000000e+000  -0.000000e+000  -0.000000e+000  -0.000000e+000  -0.000000e+000  -0.000000e+000  -0.000000e+000  -0.000000e+000  -0.000000e+000  -0.000000e+000  -0.000000e+000  -0.000000e+000  -0.000000e+000  -0.000000e+000  -0.000000e+000  -0.000000e+000  -0.000000e+000  -0.000000e+000  -0.000000e+000  -0.000000e+000  

-0.000000e+000  -0.000000e+000  -0.000000e+000  -0.000000e+000  -0.000000e+000  -0.000000e+000  -0.000000e+000  -0.000000e+000  -0.000000e+000  -0.000000e+000  -0.000000e+000  -0.000000e+000  -0.000000e+000  -0.000000e+000  -0.000000e+000  -0.000000e+000  -0.000000e+000  -0.000000e+000  -0.000000e+000  -0.000000e+000  -0.000000e+000  -0.000000e+000  
-0.000000e+000  -0.000000e+000  -0.000000e+000  -0.000000e+000  -0.000000e+000  -0.000000e+000  -0.000000e+000  -0.000000e+000  -0.000000e+000  -0.000000e+000  -0.000000e+000  -0.000000e+000  -0.000000e+000  -0.000000e+000  -0.000000e+000  -0.000000e+000  -0.000000e+000  -0.000000e+000  -0.000000e+000  -0.000000e+000  -0.000000e+000  -0.000000e+000  
-0.000000e+000  -0.000000e+000  -0.000000e+000  1.011727e+002  2.010218e+002  2.982408e+002  4.667843e+002  6.248101e+002  7.509703e+002  8.388308e+002  8.839106e+002  8.839106e+002  8.388308e+002  7.509703e+002  6.248101e+002  4.667843e+002  2.982408e+002  2.010218e+002  1.011727e+002  -0.000000e+000  -0.000000e+000  -0.000000e+000  
-0.000000e+000  -0.000000e+000  -0.000000e+000  9.372100e+001  1.862158e+002  2.762743e+002  4.324040e+002  5.787907e+002  6.956588e+002  7.770480e+002  8.188075e+002  8.188075e+002  7.770480e+002  6.956588e+002  5.787907e+002  4.324040e+002  2.762743e+002  1.862158e+002  9.372100e+001  -0.000000e+000  -0.000000e+000  -0.000000e+000  
-0.000000e+000  -0.000000e+000  -0.000000e+000  7.936640e+001  1.576944e+002  2.339593e+002  3.661756e+002  4.901413e+002  5.891095e+002  6.580329e+002  6.933964e+002  6.933964e+002  6.580329e+002  5.891095e+002  4.901413e+002  3.661756e+002  2.339593e+002  1.576944e+002  7.936640e+001  -0.000000e+000  -0.000000e+000  -0.000000e+000  
-0.000000e+000  -0.000000e+000  -0.000000e+000  5.094405e+001  1.012216e+002  1.501748e+002  2.350424e+002  3.146140e+002  3.781402e+002  4.223810e+002  4.450803e+002  4.450803e+002  4.223810e+002  3.781402e+002  3.146140e+002  2.350424e+002  1.501748e+002  1.012216e+002  5.094405e+001  -0.000000e+000  -0.000000e+000  -0.000000e+000  
-0.000000e+000  -0.000000e+000  -0.000000e+000  -1.033547e-007  -1.578164e-007  -1.750901e-007  -1.811459e-007  -7.691698e-009  -0.000000e+000  2.009952e-007  3.785710e-007  2.523707e-007  1.616554e-007  2.868950e-007  4.349872e-007  3.607345e-007  8.420002e-008  -5.687332e-008  -6.303982e-008  -0.000000e+000  -0.000000e+000  -0.000000e+000  
-0.000000e+000  -0.000000e+000  -0.000000e+000  -5.094405e+001  -1.012216e+002  -1.501748e+002  -2.350424e+002  -3.146140e+002  -3.781402e+002  -4.223810e+002  -4.450803e+002  -4.450803e+002  -4.223810e+002  -3.781402e+002  -3.146140e+002  -2.350424e+002  -1.501748e+002  -1.012216e+002  -5.094405e+001  -0.000000e+000  -0.000000e+000  -0.000000e+000  
-0.000000e+000  -0.000000e+000  -0.000000e+000  -7.936640e+001  -1.576944e+002  -2.339593e+002  -3.661756e+002  -4.901413e+002  -5.891095e+002  -6.580329e+002  -6.933964e+002  -6.933964e+002  -6.580329e+002  -5.891095e+002  -4.901413e+002  -3.661756e+002  -2.339593e+002  -1.576944e+002  -7.936640e+001  -0.000000e+000  -0.000000e+000  -0.000000e+000  
-0.000000e+000  -0.000000e+000  -0.000000e+000  -9.372100e+001  -1.862158e+002  -2.762743e+002  -4.324040e+002  -5.787907e+002  -6.956588e+002  -7.770480e+002  -8.188075e+002  -8.188075e+002  -7.770480e+002  -6.956588e+002  -5.787907e+002  -4.324040e+002  -2.762743e+002  -1.862158e+002  -9.372100e+001  -0.000000e+000  -0.000000e+000  -0.000000e+000  
-0.000000e+000  -0.000000e+000  -0.000000e+000  -1.011727e+002  -2.010218e+002  -2.982408e+002  -4.667843e+002  -6.248101e+002  -7.509703e+002  -8.388308e+002  -8.839106e+002  -8.839106e+002  -8.388308e+002  -7.509703e+002  -6.248101e+002  -4.667843e+002  -2.982408e+002  -2.010218e+002  -1.011727e+002  -0.000000e+000  -0.000000e+000  -0.000000e+000  
-0.000000e+000  -0.000000e+000  -0.000000e+000  -0.000000e+000  -0.000000e+000  -0.000000e+000  -0.000000e+000  -0.000000e+000  -0.000000e+000  -0.000000e+000  -0.000000e+000  -0.000000e+000  -0.000000e+000  -0.000000e+000  -0.000000e+000  -0.000000e+000  -0.000000e+000  -0.000000e+000  -0.000000e+000  -0.000000e+000  -0.000000e+000  -0.000000e+000  
-0.000000e+000  -0.000000e+000  -0.000000e+000  -0.000000e+000  -0.000000e+000  -0.000000e+000  -0.000000e+000  -0.000000e+000  -0.000000e+000  -0.000000e+000  -0.000000e+000  -0.000000e+000  -0.000000e+000  -0.000000e+000  -0.000000e+000  -0.000000e+000  -0.000000e+000  -0.000000e+000  -0.000000e+000  -0.000000e+000  -0.000000e+000  -0.000000e+000  
-0.000000e+000  -0.000000e+000  -0.000000e+000  -0.000000e+000  -0.000000e+000  -0.000000e+000  -0.000000e+000  -0.000000e+000  -0.000000e+000  -0.000000e+000  -0.000000e+000  -0.000000e+000  -0.000000e+000  -0.000000e+000  -0.000000e+000  -0.000000e+000  -0.000000e+000  -0.000000e+000  -0.000000e+000  -0.000000e+000  -0.000000e+000  -0.000000e+000  

-0.000000e+000  -0.000000e+000  -0.000000e+000  -0.000000e+000  -0.000000e+000  -0.000000e+000  -0.000000e+000  -0.000000e+000  -0.000000e+000  -0.000000e+000  -0.000000e+000  -0.000000e+000  -0.000000e+000  -0.000000e+000  -0.000000e+000  -0.000000e+000  -0.000000e+000  -0.000000e+000  -0.000000e+000  -0.000000e+000  -0.000000e+000  -0.000000e+000  
-0.000000e+000  -0.000000e+000  -0.000000e+000  -0.000000e+000  -0.000000e+000  -0.000000e+000  -0.000000e+000  -0.000000e+000  -0.000000e+000  -0.000000e+000  -0.000000e+000  -0.000000e+000  -0.000000e+000  -0.000000e+000  -0.000000e+000  -0.000000e+000  -0.000000e+000  -0.000000e+000  -0.000000e+000  -0.000000e+000  -0.000000e+000  -0.000000e+000  
-0.000000e+000  -0.000000e+000  -0.000000e+000  -0.000000e+000  -0.000000e+000  -0.000000e+000  -0.000000e+000  -0.000000e+000  -0.000000e+000  -0.000000e+000  -0.000000e+000  -0.000000e+000  -0.000000e+000  -0.000000e+000  -0.000000e+000  -0.000000e+000  -0.000000e+000  -0.000000e+000  -0.000000e+000  -0.000000e+000  -0.000000e+000  -0.000000e+000  
-0.000000e+000  -0.000000e+000  -0.000000e+000  4.638882e-006  6.879055e-006  1.449121e-005  1.187985e-005  5.354327e-006  -6.333731e-007  -4.402207e-006  -7.805067e-006  -7.278928e-006  -5.419887e-006  -8.575160e-007  6.538662e-006  1.379788e-005  1.335993e-005  7.484160e-006  6.595497e-006  -0.000000e+000  -0.000000e+000  -0.000000e+000  
-0.000000e+000  -0.000000e+000  -0.000000e+000  4.354028e-006  1.733628e-005  2.317414e-005  2.497198e-005  1.089371e-005  -4.636078e-007  -8.893772e-006  -1.349099e-005  -1.440757e-005  -9.414855e-006  -4.449563e-007  1.131472e-005  2.599686e-005  2.529357e-005  1.504875e-005  4.063866e-006  -0.000000e+000  -0.000000e+000  -0.000000e+000  
-0.000000e+000  -0.000000e+000  -0.000000e+000  1.003519e-005  1.731733e-005  2.815241e-005  3.897551e-005  1.735640e-005  9.906176e-007  -1.125422e-005  -1.697854e-005  -1.654638e-005  -1.029735e-005  1.710326e-006  1.860118e-005  3.961043e-005  2.853015e-005  1.961697e-005  1.037008e-005  -0.000000e+000  -0.000000e+000  -0.000000e+000  
-0.000000e+000  -0.000000e+000  -0.000000e+000  9.063997e-006  1.698260e-005  2.343111e-005  4.031562e-005  1.355461e-005  -9.805463e-006  -2.641542e-005  -3.492154e-005  -3.482924e-005  -2.553925e-005  -8.921364e-006  1.572042e-005  4.257598e-005  2.621412e-005  1.703704e-005  8.021375e-006  -0.000000e+000  -0.000000e+000  -0.000000e+000  
-0.000000e+000  -0.000000e+000  -0.000000e+000  8.202600e-006  1.760594e-005  2.561483e-005  4.104472e-005  1.422793e-005  -9.314130e-006  -2.595568e-005  -3.473007e-005  -3.488866e-005  -2.567110e-005  -8.591403e-006  1.523530e-005  4.179210e-005  2.515743e-005  1.788316e-005  9.060566e-006  -0.000000e+000  -0.000000e+000  -0.000000e+000  
-0.000000e+000  -0.000000e+000  -0.000000e+000  7.420143e-006  1.834904e-005  2.819224e-005  3.845587e-005  1.718110e-005  -6.092107e-007  -1.262917e-005  -1.745857e-005  -1.700963e-005  -1.047498e-005  8.503634e-007  1.724074e-005  3.848507e-005  2.783491e-005  1.725285e-005  7.965186e-006  -0.000000e+000  -0.000000e+000  -0.000000e+000  
-0.000000e+000  -0.000000e+000  -0.000000e+000  8.221079e-006  1.484862e-005  2.450928e-005  2.439628e-005  9.726587e-006  -1.555842e-006  -1.099202e-005  -1.458649e-005  -1.464480e-005  -9.379315e-006  1.312299e-008  1.163522e-005  2.428594e-005  2.340955e-005  1.651468e-005  5.074383e-006  -0.000000e+000  -0.000000e+000  -0.000000e+000  
-0.000000e+000  -0.000000e+000  -0.000000e+000  4.975414e-006  8.224550e-006  1.480010e-005  1.149489e-005  4.351650e-006  -6.642197e-007  -4.568675e-006  -8.331567e-006  -8.595952e-006  -5.528034e-006  -3.904034e-007  5.575723e-006  1.213919e-005  1.479842e-005  5.982924e-006  6.471003e-006  -0.000000e+000  -0.000000e+000  -0.000000e+000  
-0.000000e+000  -0.000000e+000  -0.000000e+000  -0.000000e+000  -0.000000e+000  -0.000000e+000  -0.000000e+000  -0.000000e+000  -0.000000e+000  -0.000000e+000  -0.000000e+000  -0.000000e+000  -0.000000e+000  -0.000000e+000  -0.000000e+000  -0.000000e+000  -0.000000e+000  -0.000000e+000  -0.000000e+000  -0.000000e+000  -0.000000e+000  -0.000000e+000  
-0.000000e+000  -0.000000e+000  -0.000000e+000  -0.000000e+000  -0.000000e+000  -0.000000e+000  -0.000000e+000  -0.000000e+000  -0.000000e+000  -0.000000e+000  -0.000000e+000  -0.000000e+000  -0.000000e+000  -0.000000e+000  -0.000000e+000  -0.000000e+000  -0.000000e+000  -0.000000e+000  -0.000000e+000  -0.000000e+000  -0.000000e+000  -0.000000e+000  
-0.000000e+000  -0.000000e+000  -0.000000e+000  -0.000000e+000  -0.000000e+000  -0.000000e+000  -0.000000e+000  -0.000000e+000  -0.000000e+000  -0.000000e+000  -0.000000e+000  -0.000000e+000  -0.000000e+000  -0.000000e+000  -0.000000e+000  -0.000000e+000  -0.000000e+000  -0.000000e+000  -0.000000e+000  -0.000000e+000  -0.000000e+000  -0.000000e+000  

0.000000e+000  0.000000e+000  0.000000e+000  0.000000e+000  0.000000e+000  0.000000e+000  0.000000e+000  0.000000e+000  0.000000e+000  0.000000e+000  0.000000e+000  0.000000e+000  0.000000e+000  0.000000e+000  0.000000e+000  0.000000e+000  0.000000e+000  0.000000e+000  0.000000e+000  0.000000e+000  0.000000e+000  0.000000e+000  
0.000000e+000  0.000000e+000  0.000000e+000  0.000000e+000  0.000000e+000  0.000000e+000  0.000000e+000  0.000000e+000  0.000000e+000  0.000000e+000  0.000000e+000  0.000000e+000  0.000000e+000  0.000000e+000  0.000000e+000  0.000000e+000  0.000000e+000  0.000000e+000  0.000000e+000  0.000000e+000  0.000000e+000  0.000000e+000  
0.000000e+000  0.000000e+000  0.000000e+000  0.000000e+000  0.000000e+000  0.000000e+000  0.000000e+000  0.000000e+000  0.000000e+000  0.000000e+000  0.000000e+000  0.000000e+000  0.000000e+000  0.000000e+000  0.000000e+000  0.000000e+000  0.000000e+000  0.000000e+000  0.000000e+000  0.000000e+000  0.000000e+000  0.000000e+000  
0.000000e+000  0.000000e+000  0.000000e+000  0.000000e+000  0.000000e+000  0.000000e+000  0.000000e+000  0.000000e+000  0.000000e+000  0.000000e+000  0.000000e+000  0.000000e+000  0.000000e+000  0.000000e+000  0.000000e+000  0.000000e+000  0.000000e+000  0.000000e+000  0.000000e+000  0.000000e+000  0.000000e+000  0.000000e+000  
0.000000e+000  0.000000e+000  0.000000e+000  0.000000e+000  0.000000e+000  0.000000e+000  0.000000e+000  0.000000e+000  0.000000e+000  0.000000e+000  0.000000e+000  0.000000e+000  0.000000e+000  0.000000e+000  0.000000e+000  0.000000e+000  0.000000e+000  0.000000e+000  0.000000e+000  0.000000e+000  0.000000e+000  0.000000e+000  
0.000000e+000  0.000000e+000  0.000000e+000  0.000000e+000  0.000000e+000  0.000000e+000  0.000000e+000  0.000000e+000  0.000000e+000  0.000000e+000  0.000000e+000  0.000000e+000  0.000000e+000  0.000000e+000  0.000000e+000  0.000000e+000  0.000000e+000  0.000000e+000  0.000000e+000  0.000000e+000  0.000000e+000  0.000000e+000  
0.000000e+000  0.000000e+000  0.000000e+000  0.000000e+000  0.000000e+000  0.000000e+000  0.000000e+000  0.000000e+000  0.000000e+000  0.000000e+000  0.000000e+000  0.000000e+000  0.000000e+000  0.000000e+000  0.000000e+000  0.000000e+000  0.000000e+000  0.000000e+000  0.000000e+000  0.000000e+000  0.000000e+000  0.000000e+000  
0.000000e+000  0.000000e+000  0.000000e+000  0.000000e+000  0.000000e+000  0.000000e+000  0.000000e+000  0.000000e+000  0.000000e+000  0.000000e+000  0.000000e+000  0.000000e+000  0.000000e+000  0.000000e+000  0.000000e+000  0.000000e+000  0.000000e+000  0.000000e+000  0.000000e+000  0.000000e+000  0.000000e+000  0.000000e+000  
0.000000e+000  0.000000e+000  0.000000e+000  0.000000e+000  0.000000e+000  0.000000e+000  0.000000e+000  0.000000e+000  0.000000e+000  0.000000e+000  0.000000e+000  0.000000e+000  0.000000e+000  0.000000e+000  0.000000e+000  0.000000e+000  0.000000e+000  0.000000e+000  0.000000e+000  0.000000e+000  0.000000e+000  0.000000e+000  
0.000000e+000  0.000000e+000  0.000000e+000  0.000000e+000  0.000000e+000  0.000000e+000  0.000000e+000  0.000000e+000  0.000000e+000  0.000000e+000  0.000000e+000  0.000000e+000  0.000000e+000  0.000000e+000  0.000000e+000  0.000000e+000  0.000000e+000  0.000000e+000  0.000000e+000  0.000000e+000  0.000000e+000  0.000000e+000  
0.000000e+000  0.000000e+000  0.000000e+000  0.000000e+000  0.000000e+000  0.000000e+000  0.000000e+000  0.000000e+000  0.000000e+000  0.000000e+000  0.000000e+000  0.000000e+000  0.000000e+000  0.000000e+000  0.000000e+000  0.000000e+000  0.000000e+000  0.000000e+000  0.000000e+000  0.000000e+000  0.000000e+000  0.000000e+000  
0.000000e+000  0.000000e+000  0.000000e+000  0.000000e+000  0.000000e+000  0.000000e+000  0.000000e+000  0.000000e+000  0.000000e+000  0.000000e+000  0.000000e+000  0.000000e+000  0.000000e+000  0.000000e+000  0.000000e+000  0.000000e+000  0.000000e+000  0.000000e+000  0.000000e+000  0.000000e+000  0.000000e+000  0.000000e+000  
0.000000e+000  0.000000e+000  0.000000e+000  0.000000e+000  0.000000e+000  0.000000e+000  0.000000e+000  0.000000e+000  0.000000e+000  0.000000e+000  0.000000e+000  0.000000e+000  0.000000e+000  0.000000e+000  0.000000e+000  0.000000e+000  0.000000e+000  0.000000e+000  0.000000e+000  0.000000e+000  0.000000e+000  0.000000e+000  
0.000000e+000  0.000000e+000  0.000000e+000  0.000000e+000  0.000000e+000  0.000000e+000  0.000000e+000  0.000000e+000  0.000000e+000  0.000000e+000  0.000000e+000  0.000000e+000  0.000000e+000  0.000000e+000  0.000000e+000  0.000000e+000  0.000000e+000  0.000000e+000  0.000000e+000  0.000000e+000  0.000000e+000  0.000000e+000  

0.000000e+000  0.000000e+000  0.000000e+000  0.000000e+000  0.000000e+000  0.000000e+000  0.000000e+000  0.000000e+000  0.000000e+000  0.000000e+000  0.000000e+000  0.000000e+000  0.000000e+000  0.000000e+000  0.000000e+000  0.000000e+000  0.000000e+000  0.000000e+000  0.000000e+000  0.000000e+000  0.000000e+000  0.000000e+000  
0.000000e+000  0.000000e+000  0.000000e+000  0.000000e+000  0.000000e+000  0.000000e+000  0.000000e+000  0.000000e+000  0.000000e+000  0.000000e+000  0.000000e+000  0.000000e+000  0.000000e+000  0.000000e+000  0.000000e+000  0.000000e+000  0.000000e+000  0.000000e+000  0.000000e+000  0.000000e+000  0.000000e+000  0.000000e+000  
0.000000e+000  0.000000e+000  0.000000e+000  0.000000e+000  0.000000e+000  0.000000e+000  0.000000e+000  0.000000e+000  0.000000e+000  0.000000e+000  0.000000e+000  0.000000e+000  0.000000e+000  0.000000e+000  0.000000e+000  0.000000e+000  0.000000e+000  0.000000e+000  0.000000e+000  0.000000e+000  0.000000e+000  0.000000e+000  
0.000000e+000  0.000000e+000  0.000000e+000  0.000000e+000  0.000000e+000  0.000000e+000  0.000000e+000  0.000000e+000  0.000000e+000  0.000000e+000  0.000000e+000  0.000000e+000  0.000000e+000  0.000000e+000  0.000000e+000  0.000000e+000  0.000000e+000  0.000000e+000  0.000000e+000  0.000000e+000  0.000000e+000  0.000000e+000  
0.000000e+000  0.000000e+000  0.000000e+000  0.000000e+000  0.000000e+000  0.000000e+000  0.000000e+000  0.000000e+000  0.000000e+000  0.000000e+000  0.000000e+000  0.000000e+000  0.000000e+000  0.000000e+000  0.000000e+000  0.000000e+000  0.000000e+000  0.000000e+000  0.000000e+000  0.000000e+000  0.000000e+000  0.000000e+000  
0.000000e+000  0.000000e+000  0.000000e+000  0.000000e+000  0.000000e+000  0.000000e+000  0.000000e+000  0.000000e+000  0.000000e+000  0.000000e+000  0.000000e+000  0.000000e+000  0.000000e+000  0.000000e+000  0.000000e+000  0.000000e+000  0.000000e+000  0.000000e+000  0.000000e+000  0.000000e+000  0.000000e+000  0.000000e+000  
0.000000e+000  0.000000e+000  0.000000e+000  0.000000e+000  0.000000e+000  0.000000e+000  0.000000e+000  0.000000e+000  0.000000e+000  0.000000e+000  0.000000e+000  0.000000e+000  0.000000e+000  0.000000e+000  0.000000e+000  0.000000e+000  0.000000e+000  0.000000e+000  0.000000e+000  0.000000e+000  0.000000e+000  0.000000e+000  
0.000000e+000  0.000000e+000  0.000000e+000  0.000000e+000  0.000000e+000  0.000000e+000  0.000000e+000  0.000000e+000  0.000000e+000  0.000000e+000  0.000000e+000  0.000000e+000  0.000000e+000  0.000000e+000  0.000000e+000  0.000000e+000  0.000000e+000  0.000000e+000  0.000000e+000  0.000000e+000  0.000000e+000  0.000000e+000  
0.000000e+000  0.000000e+000  0.000000e+000  0.000000e+000  0.000000e+000  0.000000e+000  0.000000e+000  0.000000e+000  0.000000e+000  0.000000e+000  0.000000e+000  0.000000e+000  0.000000e+000  0.000000e+000  0.000000e+000  0.000000e+000  0.000000e+000  0.000000e+000  0.000000e+000  0.000000e+000  0.000000e+000  0.000000e+000  
0.000000e+000  0.000000e+000  0.000000e+000  0.000000e+000  0.000000e+000  0.000000e+000  0.000000e+000  0.000000e+000  0.000000e+000  0.000000e+000  0.000000e+000  0.000000e+000  0.000000e+000  0.000000e+000  0.000000e+000  0.000000e+000  0.000000e+000  0.000000e+000  0.000000e+000  0.000000e+000  0.000000e+000  0.000000e+000  
0.000000e+000  0.000000e+000  0.000000e+000  0.000000e+000  0.000000e+000  0.000000e+000  0.000000e+000  0.000000e+000  0.000000e+000  0.000000e+000  0.000000e+000  0.000000e+000  0.000000e+000  0.000000e+000  0.000000e+000  0.000000e+000  0.000000e+000  0.000000e+000  0.000000e+000  0.000000e+000  0.000000e+000  0.000000e+000  
0.000000e+000  0.000000e+000  0.000000e+000  0.000000e+000  0.000000e+000  0.000000e+000  0.000000e+000  0.000000e+000  0.000000e+000  0.000000e+000  0.000000e+000  0.000000e+000  0.000000e+000  0.000000e+000  0.000000e+000  0.000000e+000  0.000000e+000  0.000000e+000  0.000000e+000  0.000000e+000  0.000000e+000  0.000000e+000  
0.000000e+000  0.000000e+000  0.000000e+000  0.000000e+000  0.000000e+000  0.000000e+000  0.000000e+000  0.000000e+000  0.000000e+000  0.000000e+000  0.000000e+000  0.000000e+000  0.000000e+000  0.000000e+000  0.000000e+000  0.000000e+000  0.000000e+000  0.000000e+000  0.000000e+000  0.000000e+000  0.000000e+000  0.000000e+000  
0.000000e+000  0.000000e+000  0.000000e+000  0.000000e+000  0.000000e+000  0.000000e+000  0.000000e+000  0.000000e+000  0.000000e+000  0.000000e+000  0.000000e+000  0.000000e+000  0.000000e+000  0.000000e+000  0.000000e+000  0.000000e+000  0.000000e+000  0.000000e+000  0.000000e+000  0.000000e+000  0.000000e+000  0.000000e+000  

0.000000e+000  0.000000e+000  0.000000e+000  0.000000e+000  0.000000e+000  0.000000e+000  0.000000e+000  0.000000e+000  0.000000e+000  0.000000e+000  0.000000e+000  0.000000e+000  0.000000e+000  0.000000e+000  0.000000e+000  0.000000e+000  0.000000e+000  0.000000e+000  0.000000e+000  0.000000e+000  0.000000e+000  0.000000e+000  
0.000000e+000  0.000000e+000  0.000000e+000  0.000000e+000  0.000000e+000  0.000000e+000  0.000000e+000  0.000000e+000  0.000000e+000  0.000000e+000  0.000000e+000  0.000000e+000  0.000000e+000  0.000000e+000  0.000000e+000  0.000000e+000  0.000000e+000  0.000000e+000  0.000000e+000  0.000000e+000  0.000000e+000  0.000000e+000  
0.000000e+000  0.000000e+000  0.000000e+000  0.000000e+000  0.000000e+000  0.000000e+000  0.000000e+000  0.000000e+000  0.000000e+000  0.000000e+000  0.000000e+000  0.000000e+000  0.000000e+000  0.000000e+000  0.000000e+000  0.000000e+000  0.000000e+000  0.000000e+000  0.000000e+000  0.000000e+000  0.000000e+000  0.000000e+000  
0.000000e+000  0.000000e+000  0.000000e+000  0.000000e+000  0.000000e+000  0.000000e+000  0.000000e+000  0.000000e+000  0.000000e+000  0.000000e+000  0.000000e+000  0.000000e+000  0.000000e+000  0.000000e+000  0.000000e+000  0.000000e+000  0.000000e+000  0.000000e+000  0.000000e+000  0.000000e+000  0.000000e+000  0.000000e+000  
0.000000e+000  0.000000e+000  0.000000e+000  0.000000e+000  0.000000e+000  0.000000e+000  0.000000e+000  0.000000e+000  0.000000e+000  0.000000e+000  0.000000e+000  0.000000e+000  0.000000e+000  0.000000e+000  0.000000e+000  0.000000e+000  0.000000e+000  0.000000e+000  0.000000e+000  0.000000e+000  0.000000e+000  0.000000e+000  
0.000000e+000  0.000000e+000  0.000000e+000  0.000000e+000  0.000000e+000  0.000000e+000  0.000000e+000  0.000000e+000  0.000000e+000  0.000000e+000  0.000000e+000  0.000000e+000  0.000000e+000  0.000000e+000  0.000000e+000  0.000000e+000  0.000000e+000  0.000000e+000  0.000000e+000  0.000000e+000  0.000000e+000  0.000000e+000  
0.000000e+000  0.000000e+000  0.000000e+000  0.000000e+000  0.000000e+000  0.000000e+000  0.000000e+000  0.000000e+000  0.000000e+000  0.000000e+000  0.000000e+000  0.000000e+000  0.000000e+000  0.000000e+000  0.000000e+000  0.000000e+000  0.000000e+000  0.000000e+000  0.000000e+000  0.000000e+000  0.000000e+000  0.000000e+000  
0.000000e+000  0.000000e+000  0.000000e+000  0.000000e+000  0.000000e+000  0.000000e+000  0.000000e+000  0.000000e+000  0.000000e+000  0.000000e+000  0.000000e+000  0.000000e+000  0.000000e+000  0.000000e+000  0.000000e+000  0.000000e+000  0.000000e+000  0.000000e+000  0.000000e+000  0.000000e+000  0.000000e+000  0.000000e+000  
0.000000e+000  0.000000e+000  0.000000e+000  0.000000e+000  0.000000e+000  0.000000e+000  0.000000e+000  0.000000e+000  0.000000e+000  0.000000e+000  0.000000e+000  0.000000e+000  0.000000e+000  0.000000e+000  0.000000e+000  0.000000e+000  0.000000e+000  0.000000e+000  0.000000e+000  0.000000e+000  0.000000e+000  0.000000e+000  
0.000000e+000  0.000000e+000  0.000000e+000  0.000000e+000  0.000000e+000  0.000000e+000  0.000000e+000  0.000000e+000  0.000000e+000  0.000000e+000  0.000000e+000  0.000000e+000  0.000000e+000  0.000000e+000  0.000000e+000  0.000000e+000  0.000000e+000  0.000000e+000  0.000000e+000  0.000000e+000  0.000000e+000  0.000000e+000  
0.000000e+000  0.000000e+000  0.000000e+000  0.000000e+000  0.000000e+000  0.000000e+000  0.000000e+000  0.000000e+000  0.000000e+000  0.000000e+000  0.000000e+000  0.000000e+000  0.000000e+000  0.000000e+000  0.000000e+000  0.000000e+000  0.000000e+000  0.000000e+000  0.000000e+000  0.000000e+000  0.000000e+000  0.000000e+000  
0.000000e+000  0.000000e+000  0.000000e+000  0.000000e+000  0.000000e+000  0.000000e+000  0.000000e+000  0.000000e+000  0.000000e+000  0.000000e+000  0.000000e+000  0.000000e+000  0.000000e+000  0.000000e+000  0.000000e+000  0.000000e+000  0.000000e+000  0.000000e+000  0.000000e+000  0.000000e+000  0.000000e+000  0.000000e+000  
0.000000e+000  0.000000e+000  0.000000e+000  0.000000e+000  0.000000e+000  0.000000e+000  0.000000e+000  0.000000e+000  0.000000e+000  0.000000e+000  0.000000e+000  0.000000e+000  0.000000e+000  0.000000e+000  0.000000e+000  0.000000e+000  0.000000e+000  0.000000e+000  0.000000e+000  0.000000e+000  0.000000e+000  0.000000e+000  
0.000000e+000  0.000000e+000  0.000000e+000  0.000000e+000  0.000000e+000  0.000000e+000  0.000000e+000  0.000000e+000  0.000000e+000  0.000000e+000  0.000000e+000  0.000000e+000  0.000000e+000  0.000000e+000  0.000000e+000  0.000000e+000  0.000000e+000  0.000000e+000  0.000000e+000  0.000000e+000  0.000000e+000  0.000000e+000  

