Port monitor named: Port1_h1[10.3].prt

nx        = 110
ny        = 66
nz        = 126

nu        = 22
nv        = 14
iu        = 45
iv        = 27

idir      = 2
dcut      = -1.455000e-002
icut      = 6
type      = 1
frequency = 1.030000e+010

fcutoff   = 6.852261e+009
alpha     = 0.000000e+000
beta      = 1.611657e+002
accuracy  = 3.951718e-010

type          = TE
wave imp.     = 5.046083e+002
wave imp.sig. = 1.069025e-005
line imp.     = 0.000000e+000

ref. port     = 0

-0.000000e+000  -0.000000e+000  -0.000000e+000  -0.000000e+000  -0.000000e+000  -0.000000e+000  -0.000000e+000  -0.000000e+000  -0.000000e+000  -0.000000e+000  -0.000000e+000  -0.000000e+000  -0.000000e+000  -0.000000e+000  -0.000000e+000  -0.000000e+000  -0.000000e+000  -0.000000e+000  -0.000000e+000  -0.000000e+000  -0.000000e+000  -0.000000e+000  
-0.000000e+000  -0.000000e+000  -0.000000e+000  -0.000000e+000  -0.000000e+000  -0.000000e+000  -0.000000e+000  -0.000000e+000  -0.000000e+000  -0.000000e+000  -0.000000e+000  -0.000000e+000  -0.000000e+000  -0.000000e+000  -0.000000e+000  -0.000000e+000  -0.000000e+000  -0.000000e+000  -0.000000e+000  -0.000000e+000  -0.000000e+000  -0.000000e+000  
-0.000000e+000  -0.000000e+000  -0.000000e+000  -5.070008e-001  -1.007368e+000  -1.494556e+000  -2.339168e+000  -3.131073e+000  -3.763293e+000  -4.203583e+000  -4.429488e+000  -4.429488e+000  -4.203583e+000  -3.763293e+000  -3.131073e+000  -2.339168e+000  -1.494556e+000  -1.007368e+000  -5.070007e-001  -0.000000e+000  -0.000000e+000  -0.000000e+000  
-0.000000e+000  -0.000000e+000  -0.000000e+000  -5.070007e-001  -1.007368e+000  -1.494556e+000  -2.339168e+000  -3.131073e+000  -3.763293e+000  -4.203583e+000  -4.429488e+000  -4.429488e+000  -4.203583e+000  -3.763293e+000  -3.131073e+000  -2.339168e+000  -1.494556e+000  -1.007368e+000  -5.070008e-001  -0.000000e+000  -0.000000e+000  -0.000000e+000  
-0.000000e+000  -0.000000e+000  -0.000000e+000  -5.070007e-001  -1.007368e+000  -1.494556e+000  -2.339168e+000  -3.131073e+000  -3.763293e+000  -4.203583e+000  -4.429488e+000  -4.429488e+000  -4.203583e+000  -3.763293e+000  -3.131073e+000  -2.339168e+000  -1.494556e+000  -1.007368e+000  -5.070007e-001  -0.000000e+000  -0.000000e+000  -0.000000e+000  
-0.000000e+000  -0.000000e+000  -0.000000e+000  -5.070008e-001  -1.007368e+000  -1.494556e+000  -2.339168e+000  -3.131073e+000  -3.763293e+000  -4.203583e+000  -4.429488e+000  -4.429488e+000  -4.203583e+000  -3.763293e+000  -3.131073e+000  -2.339168e+000  -1.494556e+000  -1.007368e+000  -5.070007e-001  -0.000000e+000  -0.000000e+000  -0.000000e+000  
-0.000000e+000  -0.000000e+000  -0.000000e+000  -5.070007e-001  -1.007368e+000  -1.494556e+000  -2.339168e+000  -3.131073e+000  -3.763293e+000  -4.203583e+000  -4.429488e+000  -4.429488e+000  -4.203583e+000  -3.763293e+000  -3.131073e+000  -2.339168e+000  -1.494556e+000  -1.007368e+000  -5.070007e-001  -0.000000e+000  -0.000000e+000  -0.000000e+000  
-0.000000e+000  -0.000000e+000  -0.000000e+000  -5.070007e-001  -1.007368e+000  -1.494556e+000  -2.339168e+000  -3.131073e+000  -3.763293e+000  -4.203583e+000  -4.429488e+000  -4.429488e+000  -4.203583e+000  -3.763293e+000  -3.131073e+000  -2.339168e+000  -1.494556e+000  -1.007368e+000  -5.070007e-001  -0.000000e+000  -0.000000e+000  -0.000000e+000  
-0.000000e+000  -0.000000e+000  -0.000000e+000  -5.070007e-001  -1.007368e+000  -1.494556e+000  -2.339168e+000  -3.131073e+000  -3.763293e+000  -4.203583e+000  -4.429488e+000  -4.429488e+000  -4.203583e+000  -3.763293e+000  -3.131073e+000  -2.339168e+000  -1.494556e+000  -1.007368e+000  -5.070008e-001  -0.000000e+000  -0.000000e+000  -0.000000e+000  
-0.000000e+000  -0.000000e+000  -0.000000e+000  -5.070007e-001  -1.007368e+000  -1.494556e+000  -2.339168e+000  -3.131073e+000  -3.763293e+000  -4.203583e+000  -4.429488e+000  -4.429488e+000  -4.203583e+000  -3.763293e+000  -3.131073e+000  -2.339168e+000  -1.494556e+000  -1.007368e+000  -5.070007e-001  -0.000000e+000  -0.000000e+000  -0.000000e+000  
-0.000000e+000  -0.000000e+000  -0.000000e+000  -5.070007e-001  -1.007368e+000  -1.494556e+000  -2.339168e+000  -3.131073e+000  -3.763293e+000  -4.203583e+000  -4.429488e+000  -4.429488e+000  -4.203583e+000  -3.763293e+000  -3.131073e+000  -2.339168e+000  -1.494556e+000  -1.007368e+000  -5.070008e-001  -0.000000e+000  -0.000000e+000  -0.000000e+000  
-0.000000e+000  -0.000000e+000  -0.000000e+000  -0.000000e+000  -0.000000e+000  -0.000000e+000  -0.000000e+000  -0.000000e+000  -0.000000e+000  -0.000000e+000  -0.000000e+000  -0.000000e+000  -0.000000e+000  -0.000000e+000  -0.000000e+000  -0.000000e+000  -0.000000e+000  -0.000000e+000  -0.000000e+000  -0.000000e+000  -0.000000e+000  -0.000000e+000  
-0.000000e+000  -0.000000e+000  -0.000000e+000  -0.000000e+000  -0.000000e+000  -0.000000e+000  -0.000000e+000  -0.000000e+000  -0.000000e+000  -0.000000e+000  -0.000000e+000  -0.000000e+000  -0.000000e+000  -0.000000e+000  -0.000000e+000  -0.000000e+000  -0.000000e+000  -0.000000e+000  -0.000000e+000  -0.000000e+000  -0.000000e+000  -0.000000e+000  
-0.000000e+000  -0.000000e+000  -0.000000e+000  -0.000000e+000  -0.000000e+000  -0.000000e+000  -0.000000e+000  -0.000000e+000  -0.000000e+000  -0.000000e+000  -0.000000e+000  -0.000000e+000  -0.000000e+000  -0.000000e+000  -0.000000e+000  -0.000000e+000  -0.000000e+000  -0.000000e+000  -0.000000e+000  -0.000000e+000  -0.000000e+000  -0.000000e+000  

-0.000000e+000  -0.000000e+000  -0.000000e+000  -0.000000e+000  -0.000000e+000  -0.000000e+000  -0.000000e+000  -0.000000e+000  -0.000000e+000  -0.000000e+000  -0.000000e+000  -0.000000e+000  -0.000000e+000  -0.000000e+000  -0.000000e+000  -0.000000e+000  -0.000000e+000  -0.000000e+000  -0.000000e+000  -0.000000e+000  -0.000000e+000  -0.000000e+000  
-0.000000e+000  -0.000000e+000  -0.000000e+000  -0.000000e+000  -0.000000e+000  -0.000000e+000  -0.000000e+000  -0.000000e+000  -0.000000e+000  -0.000000e+000  -0.000000e+000  -0.000000e+000  -0.000000e+000  -0.000000e+000  -0.000000e+000  -0.000000e+000  -0.000000e+000  -0.000000e+000  -0.000000e+000  -0.000000e+000  -0.000000e+000  -0.000000e+000  
-0.000000e+000  -0.000000e+000  -0.000000e+000  -0.000000e+000  -0.000000e+000  -0.000000e+000  -0.000000e+000  -0.000000e+000  -0.000000e+000  -0.000000e+000  -0.000000e+000  -0.000000e+000  -0.000000e+000  -0.000000e+000  -0.000000e+000  -0.000000e+000  -0.000000e+000  -0.000000e+000  -0.000000e+000  -0.000000e+000  -0.000000e+000  -0.000000e+000  
-0.000000e+000  -0.000000e+000  1.250098e-008  -9.132775e-009  2.270916e-009  1.007316e-008  2.883439e-008  1.308907e-008  1.748885e-008  3.433662e-009  8.984315e-010  -1.423877e-009  -1.696666e-008  -1.138727e-008  -3.455943e-008  -4.466133e-009  -1.766594e-008  -8.554984e-009  1.124573e-008  -0.000000e+000  -0.000000e+000  -0.000000e+000  
-0.000000e+000  -0.000000e+000  -3.581380e-009  -1.383225e-008  2.077150e-008  1.344153e-008  6.713599e-008  4.057655e-008  2.416568e-008  1.258051e-008  -9.643974e-010  -1.250592e-008  -2.631649e-008  -4.007659e-008  -5.674962e-008  -2.854701e-008  2.748008e-008  -8.666751e-009  -9.935397e-009  -0.000000e+000  -0.000000e+000  -0.000000e+000  
-0.000000e+000  -0.000000e+000  -1.722392e-008  9.407711e-009  -1.040308e-008  3.200051e-008  1.114805e-007  5.240272e-008  3.154272e-008  1.726025e-008  1.919518e-009  -1.878066e-008  -2.636197e-008  -6.247729e-008  -1.057390e-007  -2.235312e-008  -2.044119e-008  1.244776e-008  6.307476e-009  -0.000000e+000  -0.000000e+000  -0.000000e+000  
-0.000000e+000  -0.000000e+000  -3.128241e-009  -3.436154e-008  -1.892543e-008  -2.134098e-008  -4.338056e-008  -1.783917e-008  -1.052900e-008  -9.981719e-009  5.605816e-010  5.751935e-009  1.388981e-008  1.837906e-008  4.170290e-008  2.106232e-008  2.338269e-008  2.250504e-008  1.475727e-008  -0.000000e+000  -0.000000e+000  -0.000000e+000  
-0.000000e+000  -0.000000e+000  1.999313e-008  9.367653e-009  4.070131e-008  1.563930e-008  4.388878e-008  1.950479e-008  1.133460e-008  5.124533e-009  3.948604e-009  -9.168542e-009  -8.787698e-009  -2.325618e-008  -4.003383e-008  -2.538673e-008  -3.176084e-008  -4.380814e-009  -1.979687e-008  -0.000000e+000  -0.000000e+000  -0.000000e+000  
-0.000000e+000  -0.000000e+000  1.293279e-008  5.139521e-009  -1.013916e-009  -2.476009e-008  -1.171327e-007  -5.327362e-008  -3.627021e-008  -1.453326e-008  1.013425e-009  1.519016e-008  3.805664e-008  5.539045e-008  1.030026e-007  3.102139e-008  2.124379e-008  -4.342045e-008  1.111207e-008  -0.000000e+000  -0.000000e+000  -0.000000e+000  
-0.000000e+000  -0.000000e+000  9.733092e-009  -4.196980e-008  4.257758e-008  -3.484717e-008  -5.651817e-008  -3.869936e-008  -1.721178e-008  -1.602067e-008  2.554368e-009  6.605060e-009  2.574295e-008  3.980933e-008  5.838944e-008  3.159249e-008  -5.683301e-008  7.682560e-008  -3.307560e-008  -0.000000e+000  -0.000000e+000  -0.000000e+000  
-0.000000e+000  -0.000000e+000  7.457082e-010  1.889770e-008  -3.716107e-008  2.169177e-009  -3.014082e-008  -2.929313e-008  -8.168596e-009  -6.952539e-009  1.904343e-009  8.119966e-009  1.451705e-008  2.024432e-008  2.912160e-008  1.094817e-009  3.429528e-008  -5.911826e-008  3.796287e-008  -0.000000e+000  -0.000000e+000  -0.000000e+000  
-0.000000e+000  -0.000000e+000  -0.000000e+000  -0.000000e+000  -0.000000e+000  -0.000000e+000  -0.000000e+000  -0.000000e+000  -0.000000e+000  -0.000000e+000  -0.000000e+000  -0.000000e+000  -0.000000e+000  -0.000000e+000  -0.000000e+000  -0.000000e+000  -0.000000e+000  -0.000000e+000  -0.000000e+000  -0.000000e+000  -0.000000e+000  -0.000000e+000  
-0.000000e+000  -0.000000e+000  -0.000000e+000  -0.000000e+000  -0.000000e+000  -0.000000e+000  -0.000000e+000  -0.000000e+000  -0.000000e+000  -0.000000e+000  -0.000000e+000  -0.000000e+000  -0.000000e+000  -0.000000e+000  -0.000000e+000  -0.000000e+000  -0.000000e+000  -0.000000e+000  -0.000000e+000  -0.000000e+000  -0.000000e+000  -0.000000e+000  
-0.000000e+000  -0.000000e+000  -0.000000e+000  -0.000000e+000  -0.000000e+000  -0.000000e+000  -0.000000e+000  -0.000000e+000  -0.000000e+000  -0.000000e+000  -0.000000e+000  -0.000000e+000  -0.000000e+000  -0.000000e+000  -0.000000e+000  -0.000000e+000  -0.000000e+000  -0.000000e+000  -0.000000e+000  -0.000000e+000  -0.000000e+000  -0.000000e+000  

0.000000e+000  0.000000e+000  0.000000e+000  0.000000e+000  0.000000e+000  0.000000e+000  0.000000e+000  0.000000e+000  0.000000e+000  0.000000e+000  0.000000e+000  0.000000e+000  0.000000e+000  0.000000e+000  0.000000e+000  0.000000e+000  0.000000e+000  0.000000e+000  0.000000e+000  0.000000e+000  0.000000e+000  0.000000e+000  
0.000000e+000  0.000000e+000  0.000000e+000  0.000000e+000  0.000000e+000  0.000000e+000  0.000000e+000  0.000000e+000  0.000000e+000  0.000000e+000  0.000000e+000  0.000000e+000  0.000000e+000  0.000000e+000  0.000000e+000  0.000000e+000  0.000000e+000  0.000000e+000  0.000000e+000  0.000000e+000  0.000000e+000  0.000000e+000  
0.000000e+000  0.000000e+000  0.000000e+000  0.000000e+000  0.000000e+000  0.000000e+000  0.000000e+000  0.000000e+000  0.000000e+000  0.000000e+000  0.000000e+000  0.000000e+000  0.000000e+000  0.000000e+000  0.000000e+000  0.000000e+000  0.000000e+000  0.000000e+000  0.000000e+000  0.000000e+000  0.000000e+000  0.000000e+000  
0.000000e+000  0.000000e+000  0.000000e+000  0.000000e+000  0.000000e+000  0.000000e+000  0.000000e+000  0.000000e+000  0.000000e+000  0.000000e+000  0.000000e+000  0.000000e+000  0.000000e+000  0.000000e+000  0.000000e+000  0.000000e+000  0.000000e+000  0.000000e+000  0.000000e+000  0.000000e+000  0.000000e+000  0.000000e+000  
0.000000e+000  0.000000e+000  0.000000e+000  0.000000e+000  0.000000e+000  0.000000e+000  0.000000e+000  0.000000e+000  0.000000e+000  0.000000e+000  0.000000e+000  0.000000e+000  0.000000e+000  0.000000e+000  0.000000e+000  0.000000e+000  0.000000e+000  0.000000e+000  0.000000e+000  0.000000e+000  0.000000e+000  0.000000e+000  
0.000000e+000  0.000000e+000  0.000000e+000  0.000000e+000  0.000000e+000  0.000000e+000  0.000000e+000  0.000000e+000  0.000000e+000  0.000000e+000  0.000000e+000  0.000000e+000  0.000000e+000  0.000000e+000  0.000000e+000  0.000000e+000  0.000000e+000  0.000000e+000  0.000000e+000  0.000000e+000  0.000000e+000  0.000000e+000  
0.000000e+000  0.000000e+000  0.000000e+000  0.000000e+000  0.000000e+000  0.000000e+000  0.000000e+000  0.000000e+000  0.000000e+000  0.000000e+000  0.000000e+000  0.000000e+000  0.000000e+000  0.000000e+000  0.000000e+000  0.000000e+000  0.000000e+000  0.000000e+000  0.000000e+000  0.000000e+000  0.000000e+000  0.000000e+000  
0.000000e+000  0.000000e+000  0.000000e+000  0.000000e+000  0.000000e+000  0.000000e+000  0.000000e+000  0.000000e+000  0.000000e+000  0.000000e+000  0.000000e+000  0.000000e+000  0.000000e+000  0.000000e+000  0.000000e+000  0.000000e+000  0.000000e+000  0.000000e+000  0.000000e+000  0.000000e+000  0.000000e+000  0.000000e+000  
0.000000e+000  0.000000e+000  0.000000e+000  0.000000e+000  0.000000e+000  0.000000e+000  0.000000e+000  0.000000e+000  0.000000e+000  0.000000e+000  0.000000e+000  0.000000e+000  0.000000e+000  0.000000e+000  0.000000e+000  0.000000e+000  0.000000e+000  0.000000e+000  0.000000e+000  0.000000e+000  0.000000e+000  0.000000e+000  
0.000000e+000  0.000000e+000  0.000000e+000  0.000000e+000  0.000000e+000  0.000000e+000  0.000000e+000  0.000000e+000  0.000000e+000  0.000000e+000  0.000000e+000  0.000000e+000  0.000000e+000  0.000000e+000  0.000000e+000  0.000000e+000  0.000000e+000  0.000000e+000  0.000000e+000  0.000000e+000  0.000000e+000  0.000000e+000  
0.000000e+000  0.000000e+000  0.000000e+000  0.000000e+000  0.000000e+000  0.000000e+000  0.000000e+000  0.000000e+000  0.000000e+000  0.000000e+000  0.000000e+000  0.000000e+000  0.000000e+000  0.000000e+000  0.000000e+000  0.000000e+000  0.000000e+000  0.000000e+000  0.000000e+000  0.000000e+000  0.000000e+000  0.000000e+000  
0.000000e+000  0.000000e+000  0.000000e+000  0.000000e+000  0.000000e+000  0.000000e+000  0.000000e+000  0.000000e+000  0.000000e+000  0.000000e+000  0.000000e+000  0.000000e+000  0.000000e+000  0.000000e+000  0.000000e+000  0.000000e+000  0.000000e+000  0.000000e+000  0.000000e+000  0.000000e+000  0.000000e+000  0.000000e+000  
0.000000e+000  0.000000e+000  0.000000e+000  0.000000e+000  0.000000e+000  0.000000e+000  0.000000e+000  0.000000e+000  0.000000e+000  0.000000e+000  0.000000e+000  0.000000e+000  0.000000e+000  0.000000e+000  0.000000e+000  0.000000e+000  0.000000e+000  0.000000e+000  0.000000e+000  0.000000e+000  0.000000e+000  0.000000e+000  
0.000000e+000  0.000000e+000  0.000000e+000  0.000000e+000  0.000000e+000  0.000000e+000  0.000000e+000  0.000000e+000  0.000000e+000  0.000000e+000  0.000000e+000  0.000000e+000  0.000000e+000  0.000000e+000  0.000000e+000  0.000000e+000  0.000000e+000  0.000000e+000  0.000000e+000  0.000000e+000  0.000000e+000  0.000000e+000  

0.000000e+000  0.000000e+000  0.000000e+000  0.000000e+000  0.000000e+000  0.000000e+000  0.000000e+000  0.000000e+000  0.000000e+000  0.000000e+000  0.000000e+000  0.000000e+000  0.000000e+000  0.000000e+000  0.000000e+000  0.000000e+000  0.000000e+000  0.000000e+000  0.000000e+000  0.000000e+000  0.000000e+000  0.000000e+000  
0.000000e+000  0.000000e+000  0.000000e+000  0.000000e+000  0.000000e+000  0.000000e+000  0.000000e+000  0.000000e+000  0.000000e+000  0.000000e+000  0.000000e+000  0.000000e+000  0.000000e+000  0.000000e+000  0.000000e+000  0.000000e+000  0.000000e+000  0.000000e+000  0.000000e+000  0.000000e+000  0.000000e+000  0.000000e+000  
0.000000e+000  0.000000e+000  0.000000e+000  0.000000e+000  0.000000e+000  0.000000e+000  0.000000e+000  0.000000e+000  0.000000e+000  0.000000e+000  0.000000e+000  0.000000e+000  0.000000e+000  0.000000e+000  0.000000e+000  0.000000e+000  0.000000e+000  0.000000e+000  0.000000e+000  0.000000e+000  0.000000e+000  0.000000e+000  
0.000000e+000  0.000000e+000  0.000000e+000  0.000000e+000  0.000000e+000  0.000000e+000  0.000000e+000  0.000000e+000  0.000000e+000  0.000000e+000  0.000000e+000  0.000000e+000  0.000000e+000  0.000000e+000  0.000000e+000  0.000000e+000  0.000000e+000  0.000000e+000  0.000000e+000  0.000000e+000  0.000000e+000  0.000000e+000  
0.000000e+000  0.000000e+000  0.000000e+000  0.000000e+000  0.000000e+000  0.000000e+000  0.000000e+000  0.000000e+000  0.000000e+000  0.000000e+000  0.000000e+000  0.000000e+000  0.000000e+000  0.000000e+000  0.000000e+000  0.000000e+000  0.000000e+000  0.000000e+000  0.000000e+000  0.000000e+000  0.000000e+000  0.000000e+000  
0.000000e+000  0.000000e+000  0.000000e+000  0.000000e+000  0.000000e+000  0.000000e+000  0.000000e+000  0.000000e+000  0.000000e+000  0.000000e+000  0.000000e+000  0.000000e+000  0.000000e+000  0.000000e+000  0.000000e+000  0.000000e+000  0.000000e+000  0.000000e+000  0.000000e+000  0.000000e+000  0.000000e+000  0.000000e+000  
0.000000e+000  0.000000e+000  0.000000e+000  0.000000e+000  0.000000e+000  0.000000e+000  0.000000e+000  0.000000e+000  0.000000e+000  0.000000e+000  0.000000e+000  0.000000e+000  0.000000e+000  0.000000e+000  0.000000e+000  0.000000e+000  0.000000e+000  0.000000e+000  0.000000e+000  0.000000e+000  0.000000e+000  0.000000e+000  
0.000000e+000  0.000000e+000  0.000000e+000  0.000000e+000  0.000000e+000  0.000000e+000  0.000000e+000  0.000000e+000  0.000000e+000  0.000000e+000  0.000000e+000  0.000000e+000  0.000000e+000  0.000000e+000  0.000000e+000  0.000000e+000  0.000000e+000  0.000000e+000  0.000000e+000  0.000000e+000  0.000000e+000  0.000000e+000  
0.000000e+000  0.000000e+000  0.000000e+000  0.000000e+000  0.000000e+000  0.000000e+000  0.000000e+000  0.000000e+000  0.000000e+000  0.000000e+000  0.000000e+000  0.000000e+000  0.000000e+000  0.000000e+000  0.000000e+000  0.000000e+000  0.000000e+000  0.000000e+000  0.000000e+000  0.000000e+000  0.000000e+000  0.000000e+000  
0.000000e+000  0.000000e+000  0.000000e+000  0.000000e+000  0.000000e+000  0.000000e+000  0.000000e+000  0.000000e+000  0.000000e+000  0.000000e+000  0.000000e+000  0.000000e+000  0.000000e+000  0.000000e+000  0.000000e+000  0.000000e+000  0.000000e+000  0.000000e+000  0.000000e+000  0.000000e+000  0.000000e+000  0.000000e+000  
0.000000e+000  0.000000e+000  0.000000e+000  0.000000e+000  0.000000e+000  0.000000e+000  0.000000e+000  0.000000e+000  0.000000e+000  0.000000e+000  0.000000e+000  0.000000e+000  0.000000e+000  0.000000e+000  0.000000e+000  0.000000e+000  0.000000e+000  0.000000e+000  0.000000e+000  0.000000e+000  0.000000e+000  0.000000e+000  
0.000000e+000  0.000000e+000  0.000000e+000  0.000000e+000  0.000000e+000  0.000000e+000  0.000000e+000  0.000000e+000  0.000000e+000  0.000000e+000  0.000000e+000  0.000000e+000  0.000000e+000  0.000000e+000  0.000000e+000  0.000000e+000  0.000000e+000  0.000000e+000  0.000000e+000  0.000000e+000  0.000000e+000  0.000000e+000  
0.000000e+000  0.000000e+000  0.000000e+000  0.000000e+000  0.000000e+000  0.000000e+000  0.000000e+000  0.000000e+000  0.000000e+000  0.000000e+000  0.000000e+000  0.000000e+000  0.000000e+000  0.000000e+000  0.000000e+000  0.000000e+000  0.000000e+000  0.000000e+000  0.000000e+000  0.000000e+000  0.000000e+000  0.000000e+000  
0.000000e+000  0.000000e+000  0.000000e+000  0.000000e+000  0.000000e+000  0.000000e+000  0.000000e+000  0.000000e+000  0.000000e+000  0.000000e+000  0.000000e+000  0.000000e+000  0.000000e+000  0.000000e+000  0.000000e+000  0.000000e+000  0.000000e+000  0.000000e+000  0.000000e+000  0.000000e+000  0.000000e+000  0.000000e+000  

0.000000e+000  0.000000e+000  0.000000e+000  0.000000e+000  0.000000e+000  0.000000e+000  0.000000e+000  0.000000e+000  0.000000e+000  0.000000e+000  0.000000e+000  0.000000e+000  0.000000e+000  0.000000e+000  0.000000e+000  0.000000e+000  0.000000e+000  0.000000e+000  0.000000e+000  0.000000e+000  0.000000e+000  0.000000e+000  
0.000000e+000  0.000000e+000  0.000000e+000  0.000000e+000  0.000000e+000  0.000000e+000  0.000000e+000  0.000000e+000  0.000000e+000  0.000000e+000  0.000000e+000  0.000000e+000  0.000000e+000  0.000000e+000  0.000000e+000  0.000000e+000  0.000000e+000  0.000000e+000  0.000000e+000  0.000000e+000  0.000000e+000  0.000000e+000  
0.000000e+000  0.000000e+000  0.000000e+000  0.000000e+000  0.000000e+000  0.000000e+000  0.000000e+000  0.000000e+000  0.000000e+000  0.000000e+000  0.000000e+000  0.000000e+000  0.000000e+000  0.000000e+000  0.000000e+000  0.000000e+000  0.000000e+000  0.000000e+000  0.000000e+000  0.000000e+000  0.000000e+000  0.000000e+000  
0.000000e+000  0.000000e+000  0.000000e+000  0.000000e+000  0.000000e+000  0.000000e+000  0.000000e+000  0.000000e+000  0.000000e+000  0.000000e+000  0.000000e+000  0.000000e+000  0.000000e+000  0.000000e+000  0.000000e+000  0.000000e+000  0.000000e+000  0.000000e+000  0.000000e+000  0.000000e+000  0.000000e+000  0.000000e+000  
0.000000e+000  0.000000e+000  0.000000e+000  0.000000e+000  0.000000e+000  0.000000e+000  0.000000e+000  0.000000e+000  0.000000e+000  0.000000e+000  0.000000e+000  0.000000e+000  0.000000e+000  0.000000e+000  0.000000e+000  0.000000e+000  0.000000e+000  0.000000e+000  0.000000e+000  0.000000e+000  0.000000e+000  0.000000e+000  
0.000000e+000  0.000000e+000  0.000000e+000  0.000000e+000  0.000000e+000  0.000000e+000  0.000000e+000  0.000000e+000  0.000000e+000  0.000000e+000  0.000000e+000  0.000000e+000  0.000000e+000  0.000000e+000  0.000000e+000  0.000000e+000  0.000000e+000  0.000000e+000  0.000000e+000  0.000000e+000  0.000000e+000  0.000000e+000  
0.000000e+000  0.000000e+000  0.000000e+000  0.000000e+000  0.000000e+000  0.000000e+000  0.000000e+000  0.000000e+000  0.000000e+000  0.000000e+000  0.000000e+000  0.000000e+000  0.000000e+000  0.000000e+000  0.000000e+000  0.000000e+000  0.000000e+000  0.000000e+000  0.000000e+000  0.000000e+000  0.000000e+000  0.000000e+000  
0.000000e+000  0.000000e+000  0.000000e+000  0.000000e+000  0.000000e+000  0.000000e+000  0.000000e+000  0.000000e+000  0.000000e+000  0.000000e+000  0.000000e+000  0.000000e+000  0.000000e+000  0.000000e+000  0.000000e+000  0.000000e+000  0.000000e+000  0.000000e+000  0.000000e+000  0.000000e+000  0.000000e+000  0.000000e+000  
0.000000e+000  0.000000e+000  0.000000e+000  0.000000e+000  0.000000e+000  0.000000e+000  0.000000e+000  0.000000e+000  0.000000e+000  0.000000e+000  0.000000e+000  0.000000e+000  0.000000e+000  0.000000e+000  0.000000e+000  0.000000e+000  0.000000e+000  0.000000e+000  0.000000e+000  0.000000e+000  0.000000e+000  0.000000e+000  
0.000000e+000  0.000000e+000  0.000000e+000  0.000000e+000  0.000000e+000  0.000000e+000  0.000000e+000  0.000000e+000  0.000000e+000  0.000000e+000  0.000000e+000  0.000000e+000  0.000000e+000  0.000000e+000  0.000000e+000  0.000000e+000  0.000000e+000  0.000000e+000  0.000000e+000  0.000000e+000  0.000000e+000  0.000000e+000  
0.000000e+000  0.000000e+000  0.000000e+000  0.000000e+000  0.000000e+000  0.000000e+000  0.000000e+000  0.000000e+000  0.000000e+000  0.000000e+000  0.000000e+000  0.000000e+000  0.000000e+000  0.000000e+000  0.000000e+000  0.000000e+000  0.000000e+000  0.000000e+000  0.000000e+000  0.000000e+000  0.000000e+000  0.000000e+000  
0.000000e+000  0.000000e+000  0.000000e+000  0.000000e+000  0.000000e+000  0.000000e+000  0.000000e+000  0.000000e+000  0.000000e+000  0.000000e+000  0.000000e+000  0.000000e+000  0.000000e+000  0.000000e+000  0.000000e+000  0.000000e+000  0.000000e+000  0.000000e+000  0.000000e+000  0.000000e+000  0.000000e+000  0.000000e+000  
0.000000e+000  0.000000e+000  0.000000e+000  0.000000e+000  0.000000e+000  0.000000e+000  0.000000e+000  0.000000e+000  0.000000e+000  0.000000e+000  0.000000e+000  0.000000e+000  0.000000e+000  0.000000e+000  0.000000e+000  0.000000e+000  0.000000e+000  0.000000e+000  0.000000e+000  0.000000e+000  0.000000e+000  0.000000e+000  
0.000000e+000  0.000000e+000  0.000000e+000  0.000000e+000  0.000000e+000  0.000000e+000  0.000000e+000  0.000000e+000  0.000000e+000  0.000000e+000  0.000000e+000  0.000000e+000  0.000000e+000  0.000000e+000  0.000000e+000  0.000000e+000  0.000000e+000  0.000000e+000  0.000000e+000  0.000000e+000  0.000000e+000  0.000000e+000  

-0.000000e+000  -0.000000e+000  -0.000000e+000  -0.000000e+000  -0.000000e+000  -0.000000e+000  -0.000000e+000  -0.000000e+000  -0.000000e+000  -0.000000e+000  -0.000000e+000  -0.000000e+000  -0.000000e+000  -0.000000e+000  -0.000000e+000  -0.000000e+000  -0.000000e+000  -0.000000e+000  -0.000000e+000  -0.000000e+000  -0.000000e+000  -0.000000e+000  
-0.000000e+000  -0.000000e+000  -0.000000e+000  -0.000000e+000  -0.000000e+000  -0.000000e+000  -0.000000e+000  -0.000000e+000  -0.000000e+000  -0.000000e+000  -0.000000e+000  -0.000000e+000  -0.000000e+000  -0.000000e+000  -0.000000e+000  -0.000000e+000  -0.000000e+000  -0.000000e+000  -0.000000e+000  -0.000000e+000  -0.000000e+000  -0.000000e+000  
-0.000000e+000  -0.000000e+000  -3.949704e+000  -3.898028e+000  -3.795353e+000  -3.579168e+000  -3.124658e+000  -2.494578e+000  -1.737273e+000  -8.913665e-001  1.590212e-010  8.913665e-001  1.737273e+000  2.494578e+000  3.124658e+000  3.579168e+000  3.795353e+000  3.898028e+000  3.949704e+000  -0.000000e+000  -0.000000e+000  -0.000000e+000  
-0.000000e+000  -0.000000e+000  -3.949704e+000  -3.898028e+000  -3.795353e+000  -3.579168e+000  -3.124658e+000  -2.494578e+000  -1.737273e+000  -8.913665e-001  5.075387e-010  8.913665e-001  1.737273e+000  2.494578e+000  3.124658e+000  3.579168e+000  3.795353e+000  3.898028e+000  3.949704e+000  -0.000000e+000  -0.000000e+000  -0.000000e+000  
-0.000000e+000  -0.000000e+000  -3.949704e+000  -3.898028e+000  -3.795353e+000  -3.579168e+000  -3.124658e+000  -2.494578e+000  -1.737273e+000  -8.913665e-001  1.193489e-009  8.913665e-001  1.737273e+000  2.494578e+000  3.124658e+000  3.579168e+000  3.795353e+000  3.898028e+000  3.949704e+000  -0.000000e+000  -0.000000e+000  -0.000000e+000  
-0.000000e+000  -0.000000e+000  -3.949704e+000  -3.898028e+000  -3.795353e+000  -3.579168e+000  -3.124658e+000  -2.494578e+000  -1.737273e+000  -8.913665e-001  1.187867e-010  8.913665e-001  1.737273e+000  2.494578e+000  3.124658e+000  3.579168e+000  3.795353e+000  3.898028e+000  3.949704e+000  -0.000000e+000  -0.000000e+000  -0.000000e+000  
-0.000000e+000  -0.000000e+000  -3.949704e+000  -3.898028e+000  -3.795353e+000  -3.579168e+000  -3.124658e+000  -2.494578e+000  -1.737273e+000  -8.913665e-001  -9.026094e-010  8.913665e-001  1.737273e+000  2.494578e+000  3.124658e+000  3.579168e+000  3.795353e+000  3.898028e+000  3.949704e+000  -0.000000e+000  -0.000000e+000  -0.000000e+000  
-0.000000e+000  -0.000000e+000  -3.949704e+000  -3.898028e+000  -3.795353e+000  -3.579168e+000  -3.124658e+000  -2.494578e+000  -1.737273e+000  -8.913665e-001  3.416672e-010  8.913665e-001  1.737273e+000  2.494578e+000  3.124658e+000  3.579168e+000  3.795353e+000  3.898028e+000  3.949704e+000  -0.000000e+000  -0.000000e+000  -0.000000e+000  
-0.000000e+000  -0.000000e+000  -3.949704e+000  -3.898028e+000  -3.795353e+000  -3.579168e+000  -3.124658e+000  -2.494578e+000  -1.737273e+000  -8.913665e-001  5.028431e-010  8.913665e-001  1.737273e+000  2.494578e+000  3.124658e+000  3.579168e+000  3.795353e+000  3.898028e+000  3.949704e+000  -0.000000e+000  -0.000000e+000  -0.000000e+000  
-0.000000e+000  -0.000000e+000  -3.949704e+000  -3.898028e+000  -3.795353e+000  -3.579168e+000  -3.124658e+000  -2.494578e+000  -1.737273e+000  -8.913665e-001  7.541592e-010  8.913665e-001  1.737273e+000  2.494578e+000  3.124658e+000  3.579168e+000  3.795353e+000  3.898028e+000  3.949704e+000  -0.000000e+000  -0.000000e+000  -0.000000e+000  
-0.000000e+000  -0.000000e+000  -3.949704e+000  -3.898028e+000  -3.795353e+000  -3.579168e+000  -3.124658e+000  -2.494578e+000  -1.737273e+000  -8.913665e-001  1.490151e-009  8.913665e-001  1.737273e+000  2.494578e+000  3.124658e+000  3.579168e+000  3.795353e+000  3.898028e+000  3.949704e+000  -0.000000e+000  -0.000000e+000  -0.000000e+000  
-0.000000e+000  -0.000000e+000  -0.000000e+000  -0.000000e+000  -0.000000e+000  -0.000000e+000  -0.000000e+000  -0.000000e+000  -0.000000e+000  -0.000000e+000  -0.000000e+000  -0.000000e+000  -0.000000e+000  -0.000000e+000  -0.000000e+000  -0.000000e+000  -0.000000e+000  -0.000000e+000  -0.000000e+000  -0.000000e+000  -0.000000e+000  -0.000000e+000  
-0.000000e+000  -0.000000e+000  -0.000000e+000  -0.000000e+000  -0.000000e+000  -0.000000e+000  -0.000000e+000  -0.000000e+000  -0.000000e+000  -0.000000e+000  -0.000000e+000  -0.000000e+000  -0.000000e+000  -0.000000e+000  -0.000000e+000  -0.000000e+000  -0.000000e+000  -0.000000e+000  -0.000000e+000  -0.000000e+000  -0.000000e+000  -0.000000e+000  
-0.000000e+000  -0.000000e+000  -0.000000e+000  -0.000000e+000  -0.000000e+000  -0.000000e+000  -0.000000e+000  -0.000000e+000  -0.000000e+000  -0.000000e+000  -0.000000e+000  -0.000000e+000  -0.000000e+000  -0.000000e+000  -0.000000e+000  -0.000000e+000  -0.000000e+000  -0.000000e+000  -0.000000e+000  -0.000000e+000  -0.000000e+000  -0.000000e+000  

